NOTE: Picked up JDK_JAVA_OPTIONS:  --add-opens=java.base/java.lang=ALL-UNNAMED --add-opens=java.base/java.io=ALL-UNNAMED --add-opens=java.rmi/sun.rmi.transport=ALL-UNNAMED
15-Dec-2021 16:45:53.828 INFOS [main] org.apache.catalina.startup.VersionLoggerListener.log Version du serveur:        Apache Tomcat/8.5.47
15-Dec-2021 16:45:53.834 INFOS [main] org.apache.catalina.startup.VersionLoggerListener.log Serveur compilé:       Oct 7 2019 13:30:46 UTC
15-Dec-2021 16:45:53.834 INFOS [main] org.apache.catalina.startup.VersionLoggerListener.log Version du serveur:      8.5.47.0
15-Dec-2021 16:45:53.835 INFOS [main] org.apache.catalina.startup.VersionLoggerListener.log Nom de l'OS:           Linux
15-Dec-2021 16:45:53.835 INFOS [main] org.apache.catalina.startup.VersionLoggerListener.log Version de l'OS:        5.4.0-89-generic
15-Dec-2021 16:45:53.835 INFOS [main] org.apache.catalina.startup.VersionLoggerListener.log Architecture:          amd64
15-Dec-2021 16:45:53.835 INFOS [main] org.apache.catalina.startup.VersionLoggerListener.log Répertoire de Java:     /usr/lib/jvm/java-11-openjdk-amd64
15-Dec-2021 16:45:53.835 INFOS [main] org.apache.catalina.startup.VersionLoggerListener.log Version de la JVM:           11.0.11+9-Ubuntu-0ubuntu2.20.04
15-Dec-2021 16:45:53.835 INFOS [main] org.apache.catalina.startup.VersionLoggerListener.log Fournisseur de la JVM:            Ubuntu
15-Dec-2021 16:45:53.835 INFOS [main] org.apache.catalina.startup.VersionLoggerListener.log CATALINA_BASE:         /home/saitfask/appliweb/apache-tomcat-8.5.47
15-Dec-2021 16:45:53.835 INFOS [main] org.apache.catalina.startup.VersionLoggerListener.log CATALINA_HOME:         /home/saitfask/appliweb/apache-tomcat-8.5.47
15-Dec-2021 16:45:53.841 INFOS [main] org.apache.catalina.startup.VersionLoggerListener.log Argument de la ligne de commande: --add-opens=java.base/java.lang=ALL-UNNAMED
15-Dec-2021 16:45:53.841 INFOS [main] org.apache.catalina.startup.VersionLoggerListener.log Argument de la ligne de commande: --add-opens=java.base/java.io=ALL-UNNAMED
15-Dec-2021 16:45:53.841 INFOS [main] org.apache.catalina.startup.VersionLoggerListener.log Argument de la ligne de commande: --add-opens=java.rmi/sun.rmi.transport=ALL-UNNAMED
15-Dec-2021 16:45:53.841 INFOS [main] org.apache.catalina.startup.VersionLoggerListener.log Argument de la ligne de commande: -Djava.util.logging.config.file=/home/saitfask/appliweb/apache-tomcat-8.5.47/conf/logging.properties
15-Dec-2021 16:45:53.841 INFOS [main] org.apache.catalina.startup.VersionLoggerListener.log Argument de la ligne de commande: -Djava.util.logging.manager=org.apache.juli.ClassLoaderLogManager
15-Dec-2021 16:45:53.841 INFOS [main] org.apache.catalina.startup.VersionLoggerListener.log Argument de la ligne de commande: -Djdk.tls.ephemeralDHKeySize=2048
15-Dec-2021 16:45:53.841 INFOS [main] org.apache.catalina.startup.VersionLoggerListener.log Argument de la ligne de commande: -Djava.protocol.handler.pkgs=org.apache.catalina.webresources
15-Dec-2021 16:45:53.841 INFOS [main] org.apache.catalina.startup.VersionLoggerListener.log Argument de la ligne de commande: -Dorg.apache.catalina.security.SecurityListener.UMASK=0027
15-Dec-2021 16:45:53.841 INFOS [main] org.apache.catalina.startup.VersionLoggerListener.log Argument de la ligne de commande: -Dignore.endorsed.dirs=
15-Dec-2021 16:45:53.841 INFOS [main] org.apache.catalina.startup.VersionLoggerListener.log Argument de la ligne de commande: -Dcatalina.base=/home/saitfask/appliweb/apache-tomcat-8.5.47
15-Dec-2021 16:45:53.841 INFOS [main] org.apache.catalina.startup.VersionLoggerListener.log Argument de la ligne de commande: -Dcatalina.home=/home/saitfask/appliweb/apache-tomcat-8.5.47
15-Dec-2021 16:45:53.842 INFOS [main] org.apache.catalina.startup.VersionLoggerListener.log Argument de la ligne de commande: -Djava.io.tmpdir=/home/saitfask/appliweb/apache-tomcat-8.5.47/temp
15-Dec-2021 16:45:53.842 INFOS [main] org.apache.catalina.core.AprLifecycleListener.lifecycleEvent La librairie Apache Tomcat Native basée sur APR qui permet des performances optimales dans les environnements de production n'a pas été trouvée sur le java.library.path: [:/usr/java/packages/lib:/usr/lib/x86_64-linux-gnu/jni:/lib/x86_64-linux-gnu:/usr/lib/x86_64-linux-gnu:/usr/lib/jni:/lib:/usr/lib]
15-Dec-2021 16:45:53.883 INFOS [main] org.apache.coyote.AbstractProtocol.init Initialisation du gestionnaire de protocole ["http-nio-8080"]
15-Dec-2021 16:45:53.894 INFOS [main] org.apache.tomcat.util.net.NioSelectorPool.getSharedSelector Using a shared selector for servlet write/read
15-Dec-2021 16:45:53.902 INFOS [main] org.apache.coyote.AbstractProtocol.init Initialisation du gestionnaire de protocole ["ajp-nio-8009"]
15-Dec-2021 16:45:53.903 INFOS [main] org.apache.tomcat.util.net.NioSelectorPool.getSharedSelector Using a shared selector for servlet write/read
15-Dec-2021 16:45:53.905 INFOS [main] org.apache.catalina.startup.Catalina.load Initialization processed in 475 ms
15-Dec-2021 16:45:53.946 INFOS [main] org.apache.catalina.core.StandardService.startInternal Démarrage du service [Catalina]
15-Dec-2021 16:45:53.946 INFOS [main] org.apache.catalina.core.StandardEngine.startInternal Starting Servlet Engine: Apache Tomcat/8.5.47
15-Dec-2021 16:45:53.957 INFOS [localhost-startStop-1] org.apache.catalina.startup.HostConfig.deployDirectory Déploiement du répertoire d'application web [/home/saitfask/appliweb/apache-tomcat-8.5.47/webapps/docs]
15-Dec-2021 16:45:54.155 INFOS [localhost-startStop-1] org.apache.catalina.startup.HostConfig.deployDirectory Le déploiement du répertoire [/home/saitfask/appliweb/apache-tomcat-8.5.47/webapps/docs] de l'application web s'est terminé en [198] ms
15-Dec-2021 16:45:54.156 INFOS [localhost-startStop-1] org.apache.catalina.startup.HostConfig.deployDirectory Déploiement du répertoire d'application web [/home/saitfask/appliweb/apache-tomcat-8.5.47/webapps/examples]
15-Dec-2021 16:45:54.446 INFOS [localhost-startStop-1] org.apache.catalina.startup.HostConfig.deployDirectory Le déploiement du répertoire [/home/saitfask/appliweb/apache-tomcat-8.5.47/webapps/examples] de l'application web s'est terminé en [290] ms
15-Dec-2021 16:45:54.446 INFOS [localhost-startStop-1] org.apache.catalina.startup.HostConfig.deployDirectory Déploiement du répertoire d'application web [/home/saitfask/appliweb/apache-tomcat-8.5.47/webapps/ROOT]
15-Dec-2021 16:45:54.460 INFOS [localhost-startStop-1] org.apache.catalina.startup.HostConfig.deployDirectory Le déploiement du répertoire [/home/saitfask/appliweb/apache-tomcat-8.5.47/webapps/ROOT] de l'application web s'est terminé en [14] ms
15-Dec-2021 16:45:54.461 INFOS [localhost-startStop-1] org.apache.catalina.startup.HostConfig.deployDirectory Déploiement du répertoire d'application web [/home/saitfask/appliweb/apache-tomcat-8.5.47/webapps/host-manager]
15-Dec-2021 16:45:54.482 INFOS [localhost-startStop-1] org.apache.catalina.startup.HostConfig.deployDirectory Le déploiement du répertoire [/home/saitfask/appliweb/apache-tomcat-8.5.47/webapps/host-manager] de l'application web s'est terminé en [22] ms
15-Dec-2021 16:45:54.482 INFOS [localhost-startStop-1] org.apache.catalina.startup.HostConfig.deployDirectory Déploiement du répertoire d'application web [/home/saitfask/appliweb/apache-tomcat-8.5.47/webapps/manager]
15-Dec-2021 16:45:54.500 INFOS [localhost-startStop-1] org.apache.catalina.startup.HostConfig.deployDirectory Le déploiement du répertoire [/home/saitfask/appliweb/apache-tomcat-8.5.47/webapps/manager] de l'application web s'est terminé en [18] ms
15-Dec-2021 16:45:54.502 INFOS [main] org.apache.coyote.AbstractProtocol.start Démarrage du gestionnaire de protocole ["http-nio-8080"]
15-Dec-2021 16:45:54.508 INFOS [main] org.apache.coyote.AbstractProtocol.start Démarrage du gestionnaire de protocole ["ajp-nio-8009"]
15-Dec-2021 16:45:54.529 INFOS [main] org.apache.catalina.startup.Catalina.start Server startup in 624 ms
15-Dec-2021 16:51:54.683 INFOS [localhost-startStop-2] org.apache.catalina.startup.HostConfig.deployWAR Déploiement de l'archive [/home/saitfask/appliweb/apache-tomcat-8.5.47/webapps/TPwebdynamic.war] de l'application web
15-Dec-2021 16:51:54.730 INFOS [localhost-startStop-2] org.apache.catalina.startup.HostConfig.deployWAR Le déploiement de l'archive de l'application web [/home/saitfask/appliweb/apache-tomcat-8.5.47/webapps/TPwebdynamic.war] s'est terminé en [47] ms
15-Dec-2021 17:34:45.757 INFOS [ContainerBackgroundProcessor[StandardEngine[Catalina]]] org.apache.catalina.startup.HostConfig.undeploy Retrait de l'application web ayant pour chemin de contexte [/TPwebdynamic]
15-Dec-2021 17:34:45.783 INFOS [localhost-startStop-3] org.apache.catalina.startup.HostConfig.deployWAR Déploiement de l'archive [/home/saitfask/appliweb/apache-tomcat-8.5.47/webapps/TPwebdynamic.war] de l'application web
15-Dec-2021 17:34:45.811 INFOS [localhost-startStop-3] org.apache.catalina.startup.HostConfig.deployWAR Le déploiement de l'archive de l'application web [/home/saitfask/appliweb/apache-tomcat-8.5.47/webapps/TPwebdynamic.war] s'est terminé en [28] ms
15-Dec-2021 17:38:55.914 INFOS [ContainerBackgroundProcessor[StandardEngine[Catalina]]] org.apache.catalina.startup.HostConfig.undeploy Retrait de l'application web ayant pour chemin de contexte [/TPwebdynamic]
15-Dec-2021 17:38:55.927 INFOS [localhost-startStop-4] org.apache.catalina.startup.HostConfig.deployWAR Déploiement de l'archive [/home/saitfask/appliweb/apache-tomcat-8.5.47/webapps/TPwebdynamic.war] de l'application web
15-Dec-2021 17:38:55.960 INFOS [localhost-startStop-4] org.apache.catalina.startup.HostConfig.deployWAR Le déploiement de l'archive de l'application web [/home/saitfask/appliweb/apache-tomcat-8.5.47/webapps/TPwebdynamic.war] s'est terminé en [32] ms
15-Dec-2021 17:40:25.992 INFOS [ContainerBackgroundProcessor[StandardEngine[Catalina]]] org.apache.catalina.startup.HostConfig.undeploy Retrait de l'application web ayant pour chemin de contexte [/TPwebdynamic]
15-Dec-2021 17:40:26.020 INFOS [localhost-startStop-5] org.apache.catalina.startup.HostConfig.deployWAR Déploiement de l'archive [/home/saitfask/appliweb/apache-tomcat-8.5.47/webapps/TPwebdynamic.war] de l'application web
15-Dec-2021 17:40:26.067 INFOS [localhost-startStop-5] org.apache.catalina.startup.HostConfig.deployWAR Le déploiement de l'archive de l'application web [/home/saitfask/appliweb/apache-tomcat-8.5.47/webapps/TPwebdynamic.war] s'est terminé en [47] ms
15-Dec-2021 17:58:56.509 INFOS [ContainerBackgroundProcessor[StandardEngine[Catalina]]] org.apache.catalina.startup.HostConfig.undeploy Retrait de l'application web ayant pour chemin de contexte [/TPwebdynamic]
15-Dec-2021 17:58:56.538 INFOS [localhost-startStop-6] org.apache.catalina.startup.HostConfig.deployWAR Déploiement de l'archive [/home/saitfask/appliweb/apache-tomcat-8.5.47/webapps/TPwebdynamic.war] de l'application web
15-Dec-2021 17:58:56.604 INFOS [localhost-startStop-6] org.apache.catalina.startup.HostConfig.deployWAR Le déploiement de l'archive de l'application web [/home/saitfask/appliweb/apache-tomcat-8.5.47/webapps/TPwebdynamic.war] s'est terminé en [66] ms
15-Dec-2021 18:00:46.639 INFOS [ContainerBackgroundProcessor[StandardEngine[Catalina]]] org.apache.catalina.startup.HostConfig.undeploy Retrait de l'application web ayant pour chemin de contexte [/TPwebdynamic]
15-Dec-2021 18:00:46.666 INFOS [localhost-startStop-7] org.apache.catalina.startup.HostConfig.deployWAR Déploiement de l'archive [/home/saitfask/appliweb/apache-tomcat-8.5.47/webapps/TPwebdynamic.war] de l'application web
15-Dec-2021 18:00:46.721 INFOS [localhost-startStop-7] org.apache.catalina.startup.HostConfig.deployWAR Le déploiement de l'archive de l'application web [/home/saitfask/appliweb/apache-tomcat-8.5.47/webapps/TPwebdynamic.war] s'est terminé en [56] ms
15-Dec-2021 18:07:36.884 INFOS [ContainerBackgroundProcessor[StandardEngine[Catalina]]] org.apache.catalina.startup.HostConfig.undeploy Retrait de l'application web ayant pour chemin de contexte [/TPwebdynamic]
15-Dec-2021 18:07:36.913 INFOS [localhost-startStop-8] org.apache.catalina.startup.HostConfig.deployWAR Déploiement de l'archive [/home/saitfask/appliweb/apache-tomcat-8.5.47/webapps/TPwebdynamic.war] de l'application web
15-Dec-2021 18:07:37.031 INFOS [localhost-startStop-8] org.apache.catalina.startup.HostConfig.deployWAR Le déploiement de l'archive de l'application web [/home/saitfask/appliweb/apache-tomcat-8.5.47/webapps/TPwebdynamic.war] s'est terminé en [118] ms
15-Dec-2021 18:10:27.086 INFOS [ContainerBackgroundProcessor[StandardEngine[Catalina]]] org.apache.catalina.startup.HostConfig.undeploy Retrait de l'application web ayant pour chemin de contexte [/TPwebdynamic]
15-Dec-2021 18:10:27.119 INFOS [localhost-startStop-9] org.apache.catalina.startup.HostConfig.deployWAR Déploiement de l'archive [/home/saitfask/appliweb/apache-tomcat-8.5.47/webapps/TPwebdynamic.war] de l'application web
15-Dec-2021 18:10:27.163 INFOS [localhost-startStop-9] org.apache.catalina.startup.HostConfig.deployWAR Le déploiement de l'archive de l'application web [/home/saitfask/appliweb/apache-tomcat-8.5.47/webapps/TPwebdynamic.war] s'est terminé en [44] ms
